app/build/intermediates/manifest_merge_blame_file/release/manifest-merger-blame-release-report.txt
1<?xml version="1.0" encoding="utf-8"?>
2<manifest xmlns:android="http://schemas.android.com/apk/res/android"
3    package="com.example.studentshelpapp"
4    android:versionCode="1"
5    android:versionName="1.0" >
6
7    <uses-sdk
8        android:minSdkVersion="19"
8-->src\main\AndroidManifest.xml
9        android:targetSdkVersion="30" />
9-->src\main\AndroidManifest.xml
10
11    <uses-permission android:name="android.permission.INTERNET" />
11-->src\main\AndroidManifest.xml:5:5-67
11-->src\main\AndroidManifest.xml:5:22-64
12    <uses-permission android:name="android.permission.ACCESS_NETWORK_STATE" />
12-->[com.google.firebase:firebase-auth:20.0.0] AndroidManifest.xml:24:5-79
12-->[com.google.firebase:firebase-auth:20.0.0] AndroidManifest.xml:24:22-76
13    <uses-permission android:name="android.permission.WAKE_LOCK" />
13-->[com.google.android.gms:play-services-measurement:18.0.0] AndroidManifest.xml:25:5-68
13-->[com.google.android.gms:play-services-measurement:18.0.0] AndroidManifest.xml:25:22-65
14    <uses-permission android:name="com.google.android.finsky.permission.BIND_GET_INSTALL_REFERRER_SERVICE" />
14-->[com.google.android.gms:play-services-measurement:18.0.0] AndroidManifest.xml:26:5-110
14-->[com.google.android.gms:play-services-measurement:18.0.0] AndroidManifest.xml:26:22-107
15
16    <application
16-->src\main\AndroidManifest.xml:7:5-58:19
17        android:allowBackup="true"
17-->src\main\AndroidManifest.xml:8:9-35
18        android:appComponentFactory="androidx.core.app.CoreComponentFactory"
18-->[androidx.core:core:1.3.0] AndroidManifest.xml:24:18-86
19        android:icon="@mipmap/logo"
19-->src\main\AndroidManifest.xml:9:9-36
20        android:label="@string/app_name"
20-->src\main\AndroidManifest.xml:10:9-41
21        android:roundIcon="@mipmap/logo_round"
21-->src\main\AndroidManifest.xml:11:9-47
22        android:supportsRtl="true"
22-->src\main\AndroidManifest.xml:12:9-35
23        android:testOnly="true"
24        android:theme="@style/AppTheme" >
24-->src\main\AndroidManifest.xml:13:9-40
25        <activity android:name="com.example.studentshelpapp.Details" />
25-->src\main\AndroidManifest.xml:14:9-54
25-->src\main\AndroidManifest.xml:14:19-42
26        <activity android:name="com.example.studentshelpapp.MyAds" />
26-->src\main\AndroidManifest.xml:15:9-43
26-->src\main\AndroidManifest.xml:15:19-40
27        <activity
27-->src\main\AndroidManifest.xml:16:9-18:58
28            android:name="com.example.studentshelpapp.Sell"
28-->src\main\AndroidManifest.xml:17:13-33
29            android:parentActivityName="com.example.studentshelpapp.MainActivity" />
29-->src\main\AndroidManifest.xml:18:13-55
30        <activity
30-->src\main\AndroidManifest.xml:19:9-21:58
31            android:name="com.example.studentshelpapp.Purchase"
31-->src\main\AndroidManifest.xml:20:13-37
32            android:parentActivityName="com.example.studentshelpapp.MainActivity" />
32-->src\main\AndroidManifest.xml:21:13-55
33        <activity
33-->src\main\AndroidManifest.xml:22:9-25:59
34            android:name="com.example.studentshelpapp.ui.notes.note"
34-->src\main\AndroidManifest.xml:23:13-42
35            android:label="note"
35-->src\main\AndroidManifest.xml:24:13-33
36            android:theme="@style/AppTheme.NoActionBar" />
36-->src\main\AndroidManifest.xml:25:13-56
37        <activity
37-->src\main\AndroidManifest.xml:26:9-29:59
38            android:name="com.example.studentshelpapp.ui.notes.book"
38-->src\main\AndroidManifest.xml:27:13-42
39            android:label="note"
39-->src\main\AndroidManifest.xml:28:13-33
40            android:theme="@style/AppTheme.NoActionBar" />
40-->src\main\AndroidManifest.xml:29:13-56
41        <activity
41-->src\main\AndroidManifest.xml:30:9-33:59
42            android:name="com.example.studentshelpapp.ui.freshers.fests"
42-->src\main\AndroidManifest.xml:31:13-46
43            android:label="@string/title_activity_fests"
43-->src\main\AndroidManifest.xml:32:13-57
44            android:theme="@style/AppTheme.NoActionBar" />
44-->src\main\AndroidManifest.xml:33:13-56
45        <activity
45-->src\main\AndroidManifest.xml:34:9-37:59
46            android:name="com.example.studentshelpapp.ui.freshers.needs"
46-->src\main\AndroidManifest.xml:35:13-46
47            android:label="@string/title_activity_needs"
47-->src\main\AndroidManifest.xml:36:13-57
48            android:theme="@style/AppTheme.NoActionBar" />
48-->src\main\AndroidManifest.xml:37:13-56
49        <activity
49-->src\main\AndroidManifest.xml:38:9-41:59
50            android:name="com.example.studentshelpapp.ui.freshers.foods"
50-->src\main\AndroidManifest.xml:39:13-46
51            android:label="@string/title_activity_foods"
51-->src\main\AndroidManifest.xml:40:13-57
52            android:theme="@style/AppTheme.NoActionBar" />
52-->src\main\AndroidManifest.xml:41:13-56
53        <activity
53-->src\main\AndroidManifest.xml:42:9-44:46
54            android:name="com.example.studentshelpapp.MainActivity"
54-->src\main\AndroidManifest.xml:43:13-41
55            android:launchMode="singleTop" />
55-->src\main\AndroidManifest.xml:44:13-43
56        <activity
56-->src\main\AndroidManifest.xml:45:9-53:20
57            android:name="com.example.studentshelpapp.SplashActivity"
57-->src\main\AndroidManifest.xml:46:13-43
58            android:theme="@style/Theme.AppCompat.NoActionBar" >
58-->src\main\AndroidManifest.xml:47:13-63
59            <intent-filter>
59-->src\main\AndroidManifest.xml:48:13-52:29
60                <action android:name="android.intent.action.MAIN" />
60-->src\main\AndroidManifest.xml:49:17-69
60-->src\main\AndroidManifest.xml:49:25-66
61
62                <category android:name="android.intent.category.LAUNCHER" />
62-->src\main\AndroidManifest.xml:51:17-77
62-->src\main\AndroidManifest.xml:51:27-74
63            </intent-filter>
64        </activity>
65
66        <meta-data
66-->src\main\AndroidManifest.xml:55:9-57:57
67            android:name="preloaded_fonts"
67-->src\main\AndroidManifest.xml:56:13-43
68            android:resource="@array/preloaded_fonts" />
68-->src\main\AndroidManifest.xml:57:13-54
69
70        <provider
70-->[com.squareup.picasso:picasso:2.71828] AndroidManifest.xml:8:9-11:40
71            android:name="com.squareup.picasso.PicassoProvider"
71-->[com.squareup.picasso:picasso:2.71828] AndroidManifest.xml:9:13-64
72            android:authorities="com.example.studentshelpapp.com.squareup.picasso"
72-->[com.squareup.picasso:picasso:2.71828] AndroidManifest.xml:10:13-72
73            android:exported="false" />
73-->[com.squareup.picasso:picasso:2.71828] AndroidManifest.xml:11:13-37
74
75        <activity
75-->[com.google.firebase:firebase-auth:20.0.0] AndroidManifest.xml:27:9-34:50
76            android:name="com.google.firebase.auth.internal.FederatedSignInActivity"
76-->[com.google.firebase:firebase-auth:20.0.0] AndroidManifest.xml:28:13-85
77            android:excludeFromRecents="true"
77-->[com.google.firebase:firebase-auth:20.0.0] AndroidManifest.xml:29:13-46
78            android:exported="true"
78-->[com.google.firebase:firebase-auth:20.0.0] AndroidManifest.xml:30:13-36
79            android:launchMode="singleTask"
79-->[com.google.firebase:firebase-auth:20.0.0] AndroidManifest.xml:31:13-44
80            android:permission="com.google.firebase.auth.api.gms.permission.LAUNCH_FEDERATED_SIGN_IN"
80-->[com.google.firebase:firebase-auth:20.0.0] AndroidManifest.xml:32:13-102
81            android:theme="@android:style/Theme.Translucent.NoTitleBar" />
81-->[com.google.firebase:firebase-auth:20.0.0] AndroidManifest.xml:33:13-72
82        <activity
82-->[com.google.firebase:firebase-auth:20.0.0] AndroidManifest.xml:35:9-52:20
83            android:name="com.google.firebase.auth.internal.GenericIdpActivity"
83-->[com.google.firebase:firebase-auth:20.0.0] AndroidManifest.xml:36:13-80
84            android:excludeFromRecents="true"
84-->[com.google.firebase:firebase-auth:20.0.0] AndroidManifest.xml:37:13-46
85            android:exported="true"
85-->[com.google.firebase:firebase-auth:20.0.0] AndroidManifest.xml:38:13-36
86            android:launchMode="singleTask"
86-->[com.google.firebase:firebase-auth:20.0.0] AndroidManifest.xml:39:13-44
87            android:theme="@android:style/Theme.Translucent.NoTitleBar" >
87-->[com.google.firebase:firebase-auth:20.0.0] AndroidManifest.xml:40:13-72
88            <intent-filter>
88-->[com.google.firebase:firebase-auth:20.0.0] AndroidManifest.xml:41:13-51:29
89                <action android:name="android.intent.action.VIEW" />
89-->[com.google.firebase:firebase-auth:20.0.0] AndroidManifest.xml:42:17-69
89-->[com.google.firebase:firebase-auth:20.0.0] AndroidManifest.xml:42:25-66
90
91                <category android:name="android.intent.category.DEFAULT" />
91-->[com.google.firebase:firebase-auth:20.0.0] AndroidManifest.xml:44:17-76
91-->[com.google.firebase:firebase-auth:20.0.0] AndroidManifest.xml:44:27-73
92                <category android:name="android.intent.category.BROWSABLE" />
92-->[com.google.firebase:firebase-auth:20.0.0] AndroidManifest.xml:45:17-78
92-->[com.google.firebase:firebase-auth:20.0.0] AndroidManifest.xml:45:27-75
93
94                <data
94-->[com.google.firebase:firebase-auth:20.0.0] AndroidManifest.xml:47:17-50:51
95                    android:host="firebase.auth"
95-->[com.google.firebase:firebase-auth:20.0.0] AndroidManifest.xml:48:21-49
96                    android:path="/"
96-->[com.google.firebase:firebase-auth:20.0.0] AndroidManifest.xml:49:21-37
97                    android:scheme="genericidp" />
97-->[com.google.firebase:firebase-auth:20.0.0] AndroidManifest.xml:50:21-48
98            </intent-filter>
99        </activity>
100        <activity
100-->[com.google.firebase:firebase-auth:20.0.0] AndroidManifest.xml:53:9-70:20
101            android:name="com.google.firebase.auth.internal.RecaptchaActivity"
101-->[com.google.firebase:firebase-auth:20.0.0] AndroidManifest.xml:54:13-79
102            android:excludeFromRecents="true"
102-->[com.google.firebase:firebase-auth:20.0.0] AndroidManifest.xml:55:13-46
103            android:exported="true"
103-->[com.google.firebase:firebase-auth:20.0.0] AndroidManifest.xml:56:13-36
104            android:launchMode="singleTask"
104-->[com.google.firebase:firebase-auth:20.0.0] AndroidManifest.xml:57:13-44
105            android:theme="@android:style/Theme.Translucent.NoTitleBar" >
105-->[com.google.firebase:firebase-auth:20.0.0] AndroidManifest.xml:58:13-72
106            <intent-filter>
106-->[com.google.firebase:firebase-auth:20.0.0] AndroidManifest.xml:59:13-69:29
107                <action android:name="android.intent.action.VIEW" />
107-->[com.google.firebase:firebase-auth:20.0.0] AndroidManifest.xml:42:17-69
107-->[com.google.firebase:firebase-auth:20.0.0] AndroidManifest.xml:42:25-66
108
109                <category android:name="android.intent.category.DEFAULT" />
109-->[com.google.firebase:firebase-auth:20.0.0] AndroidManifest.xml:44:17-76
109-->[com.google.firebase:firebase-auth:20.0.0] AndroidManifest.xml:44:27-73
110                <category android:name="android.intent.category.BROWSABLE" />
110-->[com.google.firebase:firebase-auth:20.0.0] AndroidManifest.xml:45:17-78
110-->[com.google.firebase:firebase-auth:20.0.0] AndroidManifest.xml:45:27-75
111
112                <data
112-->[com.google.firebase:firebase-auth:20.0.0] AndroidManifest.xml:47:17-50:51
113                    android:host="firebase.auth"
113-->[com.google.firebase:firebase-auth:20.0.0] AndroidManifest.xml:48:21-49
114                    android:path="/"
114-->[com.google.firebase:firebase-auth:20.0.0] AndroidManifest.xml:49:21-37
115                    android:scheme="recaptcha" />
115-->[com.google.firebase:firebase-auth:20.0.0] AndroidManifest.xml:50:21-48
116            </intent-filter>
117        </activity>
118
119        <service
119-->[com.google.firebase:firebase-auth:20.0.0] AndroidManifest.xml:72:9-81:19
120            android:name="com.google.firebase.auth.api.fallback.service.FirebaseAuthFallbackService"
120-->[com.google.firebase:firebase-auth:20.0.0] AndroidManifest.xml:73:13-101
121            android:enabled="true"
121-->[com.google.firebase:firebase-auth:20.0.0] AndroidManifest.xml:74:13-35
122            android:exported="false" >
122-->[com.google.firebase:firebase-auth:20.0.0] AndroidManifest.xml:75:13-37
123            <intent-filter>
123-->[com.google.firebase:firebase-auth:20.0.0] AndroidManifest.xml:76:13-80:29
124                <action android:name="com.google.firebase.auth.api.gms.service.START" />
124-->[com.google.firebase:firebase-auth:20.0.0] AndroidManifest.xml:77:17-89
124-->[com.google.firebase:firebase-auth:20.0.0] AndroidManifest.xml:77:25-86
125
126                <category android:name="android.intent.category.DEFAULT" />
126-->[com.google.firebase:firebase-auth:20.0.0] AndroidManifest.xml:44:17-76
126-->[com.google.firebase:firebase-auth:20.0.0] AndroidManifest.xml:44:27-73
127            </intent-filter>
128        </service>
129        <service
129-->[com.google.firebase:firebase-auth:20.0.0] AndroidManifest.xml:82:9-88:19
130            android:name="com.google.firebase.components.ComponentDiscoveryService"
130-->[com.google.firebase:firebase-auth:20.0.0] AndroidManifest.xml:83:13-84
131            android:directBootAware="true"
131-->[com.google.firebase:firebase-common:19.3.1] AndroidManifest.xml:35:13-43
132            android:exported="false" >
132-->[com.google.firebase:firebase-auth:20.0.0] AndroidManifest.xml:84:13-37
133            <meta-data
133-->[com.google.firebase:firebase-auth:20.0.0] AndroidManifest.xml:85:13-87:85
134                android:name="com.google.firebase.components:com.google.firebase.auth.FirebaseAuthRegistrar"
134-->[com.google.firebase:firebase-auth:20.0.0] AndroidManifest.xml:86:17-109
135                android:value="com.google.firebase.components.ComponentRegistrar" />
135-->[com.google.firebase:firebase-auth:20.0.0] AndroidManifest.xml:87:17-82
136            <meta-data
136-->[com.google.firebase:firebase-storage:19.2.0] AndroidManifest.xml:33:13-35:85
137                android:name="com.google.firebase.components:com.google.firebase.storage.StorageRegistrar"
137-->[com.google.firebase:firebase-storage:19.2.0] AndroidManifest.xml:34:17-107
138                android:value="com.google.firebase.components.ComponentRegistrar" />
138-->[com.google.firebase:firebase-storage:19.2.0] AndroidManifest.xml:35:17-82
139            <meta-data
139-->[com.google.firebase:firebase-database:19.5.1] AndroidManifest.xml:32:13-34:85
140                android:name="com.google.firebase.components:com.google.firebase.database.DatabaseRegistrar"
140-->[com.google.firebase:firebase-database:19.5.1] AndroidManifest.xml:33:17-109
141                android:value="com.google.firebase.components.ComponentRegistrar" />
141-->[com.google.firebase:firebase-database:19.5.1] AndroidManifest.xml:34:17-82
142            <meta-data
142-->[com.google.android.gms:play-services-measurement-api:18.0.0] AndroidManifest.xml:30:13-32:85
143                android:name="com.google.firebase.components:com.google.firebase.analytics.connector.internal.AnalyticsConnectorRegistrar"
143-->[com.google.android.gms:play-services-measurement-api:18.0.0] AndroidManifest.xml:31:17-139
144                android:value="com.google.firebase.components.ComponentRegistrar" />
144-->[com.google.android.gms:play-services-measurement-api:18.0.0] AndroidManifest.xml:32:17-82
145            <meta-data
145-->[com.google.firebase:firebase-installations:16.3.3] AndroidManifest.xml:17:13-19:85
146                android:name="com.google.firebase.components:com.google.firebase.installations.FirebaseInstallationsRegistrar"
146-->[com.google.firebase:firebase-installations:16.3.3] AndroidManifest.xml:18:17-127
147                android:value="com.google.firebase.components.ComponentRegistrar" />
147-->[com.google.firebase:firebase-installations:16.3.3] AndroidManifest.xml:19:17-82
148        </service>
149
150        <activity
150-->[com.google.android.gms:play-services-base:17.1.0] AndroidManifest.xml:23:9-26:75
151            android:name="com.google.android.gms.common.api.GoogleApiActivity"
151-->[com.google.android.gms:play-services-base:17.1.0] AndroidManifest.xml:24:13-79
152            android:exported="false"
152-->[com.google.android.gms:play-services-base:17.1.0] AndroidManifest.xml:25:13-37
153            android:theme="@android:style/Theme.Translucent.NoTitleBar" />
153-->[com.google.android.gms:play-services-base:17.1.0] AndroidManifest.xml:26:13-72
154
155        <receiver
155-->[com.google.android.gms:play-services-measurement:18.0.0] AndroidManifest.xml:29:9-33:20
156            android:name="com.google.android.gms.measurement.AppMeasurementReceiver"
156-->[com.google.android.gms:play-services-measurement:18.0.0] AndroidManifest.xml:30:13-85
157            android:enabled="true"
157-->[com.google.android.gms:play-services-measurement:18.0.0] AndroidManifest.xml:31:13-35
158            android:exported="false" >
158-->[com.google.android.gms:play-services-measurement:18.0.0] AndroidManifest.xml:32:13-37
159        </receiver>
160
161        <service
161-->[com.google.android.gms:play-services-measurement:18.0.0] AndroidManifest.xml:35:9-38:40
162            android:name="com.google.android.gms.measurement.AppMeasurementService"
162-->[com.google.android.gms:play-services-measurement:18.0.0] AndroidManifest.xml:36:13-84
163            android:enabled="true"
163-->[com.google.android.gms:play-services-measurement:18.0.0] AndroidManifest.xml:37:13-35
164            android:exported="false" />
164-->[com.google.android.gms:play-services-measurement:18.0.0] AndroidManifest.xml:38:13-37
165        <service
165-->[com.google.android.gms:play-services-measurement:18.0.0] AndroidManifest.xml:39:9-43:72
166            android:name="com.google.android.gms.measurement.AppMeasurementJobService"
166-->[com.google.android.gms:play-services-measurement:18.0.0] AndroidManifest.xml:40:13-87
167            android:enabled="true"
167-->[com.google.android.gms:play-services-measurement:18.0.0] AndroidManifest.xml:41:13-35
168            android:exported="false"
168-->[com.google.android.gms:play-services-measurement:18.0.0] AndroidManifest.xml:42:13-37
169            android:permission="android.permission.BIND_JOB_SERVICE" />
169-->[com.google.android.gms:play-services-measurement:18.0.0] AndroidManifest.xml:43:13-69
170
171        <provider
171-->[com.google.firebase:firebase-common:19.3.1] AndroidManifest.xml:26:9-31:39
172            android:name="com.google.firebase.provider.FirebaseInitProvider"
172-->[com.google.firebase:firebase-common:19.3.1] AndroidManifest.xml:27:13-77
173            android:authorities="com.example.studentshelpapp.firebaseinitprovider"
173-->[com.google.firebase:firebase-common:19.3.1] AndroidManifest.xml:28:13-72
174            android:directBootAware="true"
174-->[com.google.firebase:firebase-common:19.3.1] AndroidManifest.xml:29:13-43
175            android:exported="false"
175-->[com.google.firebase:firebase-common:19.3.1] AndroidManifest.xml:30:13-37
176            android:initOrder="100" />
176-->[com.google.firebase:firebase-common:19.3.1] AndroidManifest.xml:31:13-36
177
178        <meta-data
178-->[com.google.android.gms:play-services-basement:17.1.0] AndroidManifest.xml:23:9-25:69
179            android:name="com.google.android.gms.version"
179-->[com.google.android.gms:play-services-basement:17.1.0] AndroidManifest.xml:24:13-58
180            android:value="@integer/google_play_services_version" />
180-->[com.google.android.gms:play-services-basement:17.1.0] AndroidManifest.xml:25:13-66
181
182        <provider
182-->[androidx.lifecycle:lifecycle-process:2.2.0] AndroidManifest.xml:25:9-29:43
183            android:name="androidx.lifecycle.ProcessLifecycleOwnerInitializer"
183-->[androidx.lifecycle:lifecycle-process:2.2.0] AndroidManifest.xml:26:13-79
184            android:authorities="com.example.studentshelpapp.lifecycle-process"
184-->[androidx.lifecycle:lifecycle-process:2.2.0] AndroidManifest.xml:27:13-69
185            android:exported="false"
185-->[androidx.lifecycle:lifecycle-process:2.2.0] AndroidManifest.xml:28:13-37
186            android:multiprocess="true" />
186-->[androidx.lifecycle:lifecycle-process:2.2.0] AndroidManifest.xml:29:13-40
187    </application>
188
189</manifest>